<?xml version="1.0" encoding="UTF-8"?>
<!-- Generated by org.testng.reporters.JUnitXMLReporter -->
<testsuite ignored="0" hostname="P204M28" failures="0" tests="10" name="Test" time="0.027" errors="0" timestamp="08 Apr 2024 10:05:40 GMT">
  <testcase classname="Bookings.BookHolidayPackage" name="HolidayPackage_departure" time="0.006"/>
  <testcase classname="Bookings.BookHolidayPackage" name="HolidayPackage_destination" time="0.0"/>
  <testcase classname="Bookings.BookHolidayPackage" name="HolidayPackage_return" time="0.0"/>
  <testcase classname="Bookings.BookFlight" name="BookFlight_OneWay_TestCase3" time="0.0"/>
  <testcase classname="Bookings.BookFlight" name="BookFlight_OneWay_TestCase4" time="0.001"/>
  <testcase classname="Bookings.BookFlight" name="BookFlight_RoundTrip_TestCase1" time="0.0"/>
  <testcase classname="Bookings.BookFlight" name="BookFlight_RoundTrip_TestCase2" time="0.001"/>
  <testcase classname="Bookings.BookHotel" name="BookHotel_Checkin" time="0.0"/>
  <testcase classname="Bookings.BookHotel" name="BookHotel_Checkout" time="0.001"/>
  <testcase classname="Bookings.BookHotel" name="BookHotel_DestinationCity" time="0.001"/>
</testsuite> <!-- Test -->
