<?xml version="1.0" encoding="UTF-8"?>
<!-- Generated by org.testng.reporters.JUnitXMLReporter -->
<testsuite ignored="0" hostname="P204M28" failures="0" tests="4" name="Default test" time="0.017" errors="0" timestamp="08 Apr 2024 09:45:08 GMT">
  <testcase classname="Bookings.BookFlight" name="BookFlight_OneWay_TestCase3" time="0.005"/>
  <testcase classname="Bookings.BookFlight" name="BookFlight_OneWay_TestCase4" time="0.001"/>
  <testcase classname="Bookings.BookFlight" name="BookFlight_RoundTrip_TestCase1" time="0.001"/>
  <testcase classname="Bookings.BookFlight" name="BookFlight_RoundTrip_TestCase2" time="0.0"/>
</testsuite> <!-- Default test -->
